<?xml version="1.0" encoding="UTF-8"?>
<!-- Generated by org.testng.reporters.JUnitXMLReporter -->
<testsuite ignored="0" hostname="Richys-MacBook-Air.local" failures="0" tests="1" name="Samsung Galaxy S23 Ultra Test" time="0.148" errors="0" timestamp="2025-06-19T22:57:46 IST">
  <testcase classname="Tests.BaseTest" name="@BeforeMethod setUp" time="-1.750354066256E9">
    <failure type="org.testng.TestNGException" message="
Unsupported type parameter : interface java.util.Map">
      <![CDATA[org.testng.TestNGException: 
Unsupported type parameter : interface java.util.Map
at java.base/java.util.ArrayList.forEach(ArrayList.java:1596)
at java.base/java.util.concurrent.FutureTask.run(FutureTask.java:317)
at java.base/java.util.concurrent.ThreadPoolExecutor.runWorker(ThreadPoolExecutor.java:1144)
at java.base/java.util.concurrent.ThreadPoolExecutor$Worker.run(ThreadPoolExecutor.java:642)
at java.base/java.lang.Thread.run(Thread.java:1583)
... Removed 19 stack frames]]>
    </failure>
  </testcase> <!-- @BeforeMethod setUp -->
  <testcase classname="Tests.WordCounter" name="WordCounting" time="0.0">
    <skipped/>
  </testcase> <!-- WordCounting -->
</testsuite> <!-- Samsung Galaxy S23 Ultra Test -->
