<?xml version="1.0" encoding="UTF-8"?>
<testng-results ignored="0" total="1" passed="1" failed="0" skipped="0">
  <reporter-output>
  </reporter-output>
  <suite started-at="2025-06-20T00:39:35 IST" name="BrowserStack Test Suite" finished-at="2025-06-20T00:39:55 IST" duration-ms="20036">
    <groups>
    </groups>
    <test started-at="2025-06-20T00:39:35 IST" name="Sample Tests" finished-at="2025-06-20T00:39:55 IST" duration-ms="20036">
      <class name="Tests.WordCounter">
        <test-method is-config="true" signature="setUp(java.lang.reflect.Method)[pri:0, instance:Tests.WordCounter@6a192cfe]" started-at="2025-06-20T00:39:35 IST" name="setUp" finished-at="2025-06-20T00:39:44 IST" duration-ms="8929" status="PASS">
          <params>
            <param index="0">
              <value>
                <![CDATA[public void Tests.WordCounter.WordCounting() throws java.io.IOException,java.net.URISyntaxException]]>
              </value>
            </param>
          </params>
          <reporter-output>
          </reporter-output>
        </test-method> <!-- setUp -->
        <test-method signature="WordCounting()[pri:0, instance:Tests.WordCounter@6a192cfe]" started-at="2025-06-20T00:39:44 IST" name="WordCounting" finished-at="2025-06-20T00:39:55 IST" duration-ms="10977" status="PASS">
          <reporter-output>
          </reporter-output>
        </test-method> <!-- WordCounting -->
        <test-method is-config="true" signature="tearDown(org.testng.ITestResult)[pri:0, instance:Tests.WordCounter@6a192cfe]" started-at="2025-06-20T00:39:55 IST" name="tearDown" finished-at="2025-06-20T00:39:55 IST" duration-ms="3" status="PASS">
          <params>
            <param index="0">
              <value>
                <![CDATA[[TestResult name=WordCounting status=SUCCESS method=WordCounter.WordCounting()[pri:0, instance:Tests.WordCounter@6a192cfe] output={null}]]]>
              </value>
            </param>
          </params>
          <reporter-output>
          </reporter-output>
        </test-method> <!-- tearDown -->
      </class> <!-- Tests.WordCounter -->
    </test> <!-- Sample Tests -->
  </suite> <!-- BrowserStack Test Suite -->
</testng-results>
