<?xml version="1.0" encoding="UTF-8"?>
<testsuite xmlns:xsi="http://www.w3.org/2001/XMLSchema-instance" xsi:noNamespaceSchemaLocation="https://maven.apache.org/surefire/maven-surefire-plugin/xsd/surefire-test-report-3.0.xsd" version="3.0" name="TestSuite" time="22.041" tests="1" errors="0" skipped="0" failures="0">
  <properties>
[...]
</properties>
  <testcase name="WordCounting" classname="Tests.WordCounter" time="11.004">
    <system-out><![CDATA[Title 1. Los sótanos del poder
Content : Pese a que presuman de feministas, los partidos se siguen sustentando en códigos de masculinidad compartidos que excluyen y cosifican a las mujeres

Saved image as : cover_1.jpg?auth=40da30ddf4d153135b56edaca39ab65444a15314915e8c535dd4488efbfcee1a&width=414

 
Title 2. ‘Recuerdo / Invento / Pimiento’
Content : Dicen que una fotografía prueba que alguien estuvo, existió, vivió. Pero, ¿y si esa prueba está intervenida? ¿Podemos recordar algo que no ocurrió y que es muy raro? Liliana Peligro recupera fotos antiguas en archivos, mercadillos, almonedas y librerías de viejo, paisajes de otros tiempos, escenas cuyo contexto desconocemos, para reinterpretarlas mezclando lo absurdo y lo nostálgico

Saved image as : cover_2.jpg?auth=f26a92448e36de7a136d7c9d0da1462f87ae47ee5b29472e0fe5706fbdaf2c38&width=414

 
Title 3. Retomar la iniciativa y recuperar la confianza
Content : Pedro Sánchez necesita impulsar cambios internos en el PSOE, pactar con los socios una cuestión de confianza y remodelar el Gobierno

Saved image as : cover_3.jpg?auth=c2e66e9f11f851cbf579694a193c19321143fde787b844f0f7861c0c33cad691&width=414

 
Title 4. El Roto: OTAN, ropa masculina
Content : Viñeta del 19 de junio de 2025

Saved image as : cover_4.jpg?auth=065d636dbfab1d7bccbea39fec4cd8253f4fd2ab49c588f81ee964ffac08869a&width=414

 
Title 5. Flavita Banana: el patito feo por dentro
Content : Viñeta del 19 de junio de 2025

Saved image as : cover_5.jpg?auth=d27b035fe8b73069da52e5455a840b413d6d0335cecf0fc0572ed9995c34505b&width=414

 
combined Spanish Sentence : Los sótanos del poder. ‘Recuerdo / Invento / Pimiento’. Retomar la iniciativa y recuperar la confianza. El Roto: OTAN, ropa masculina. Flavita Banana: el patito feo por dentro.
Translated English Sentence : The basements of power. ‘Memory / invention / pepper’. Relist the initiative and recover trust. The broken: NATO, male clothes. Flavita Banana: The ugly duckling inside.

the: 4
]]></system-out>
    <system-err><![CDATA[SLF4J(W): No SLF4J providers were found.
SLF4J(W): Defaulting to no-operation (NOP) logger implementation
SLF4J(W): See https://www.slf4j.org/codes.html#noProviders for further details.
Jun 20, 2025 12:39:35 AM org.openqa.selenium.remote.tracing.opentelemetry.OpenTelemetryTracer createTracer
INFO: Using OpenTelemetry for tracing
]]></system-err>
  </testcase>
</testsuite>